<?xml version="1.0" encoding="UTF-8"?>
<coverage generated="1761540060164" clover="3.2.0">
  <project timestamp="1761540060164" name="All files">
    <metrics statements="128" coveredstatements="82" conditionals="43" coveredconditionals="27" methods="25" coveredmethods="18" elements="196" coveredelements="127" complexity="0" loc="128" ncloc="128" packages="1" files="5" classes="5"/>
    <file name="app.js" path="C:\projects\audiobot\app.js">
      <metrics statements="104" coveredstatements="62" conditionals="38" coveredconditionals="22" methods="11" coveredmethods="7"/>
      <line num="34" count="1" type="stmt"/>
      <line num="35" count="1" type="stmt"/>
      <line num="36" count="1" type="stmt"/>
      <line num="37" count="1" type="stmt"/>
      <line num="38" count="1" type="stmt"/>
      <line num="39" count="1" type="stmt"/>
      <line num="40" count="1" type="stmt"/>
      <line num="42" count="1" type="stmt"/>
      <line num="43" count="1" type="stmt"/>
      <line num="44" count="1" type="stmt"/>
      <line num="45" count="1" type="stmt"/>
      <line num="47" count="1" type="stmt"/>
      <line num="55" count="1" type="stmt"/>
      <line num="56" count="2" type="stmt"/>
      <line num="57" count="2" type="stmt"/>
      <line num="59" count="2" type="cond" truecount="4" falsecount="0"/>
      <line num="61" count="1" type="stmt"/>
      <line num="62" count="1" type="stmt"/>
      <line num="63" count="0" type="stmt"/>
      <line num="65" count="2" type="stmt"/>
      <line num="69" count="1" type="stmt"/>
      <line num="70" count="6" type="stmt"/>
      <line num="71" count="6" type="stmt"/>
      <line num="73" count="6" type="cond" truecount="4" falsecount="0"/>
      <line num="75" count="4" type="stmt"/>
      <line num="77" count="4" type="cond" truecount="2" falsecount="0"/>
      <line num="79" count="3" type="stmt"/>
      <line num="81" count="3" type="cond" truecount="2" falsecount="0"/>
      <line num="83" count="2" type="stmt"/>
      <line num="85" count="2" type="stmt"/>
      <line num="89" count="2" type="stmt"/>
      <line num="91" count="4" type="stmt"/>
      <line num="95" count="1" type="stmt"/>
      <line num="96" count="0" type="stmt"/>
      <line num="98" count="0" type="cond" truecount="0" falsecount="2"/>
      <line num="100" count="0" type="stmt"/>
      <line num="101" count="0" type="stmt"/>
      <line num="102" count="0" type="stmt"/>
      <line num="106" count="0" type="stmt"/>
      <line num="107" count="0" type="stmt"/>
      <line num="109" count="0" type="stmt"/>
      <line num="113" count="1" type="stmt"/>
      <line num="114" count="0" type="stmt"/>
      <line num="115" count="0" type="cond" truecount="0" falsecount="2"/>
      <line num="117" count="0" type="stmt"/>
      <line num="119" count="0" type="cond" truecount="0" falsecount="2"/>
      <line num="121" count="0" type="stmt"/>
      <line num="123" count="0" type="stmt"/>
      <line num="127" count="1" type="stmt"/>
      <line num="128" count="4" type="stmt"/>
      <line num="129" count="4" type="stmt"/>
      <line num="131" count="4" type="cond" truecount="1" falsecount="1"/>
      <line num="133" count="4" type="stmt"/>
      <line num="135" count="4" type="cond" truecount="2" falsecount="0"/>
      <line num="137" count="2" type="stmt"/>
      <line num="142" count="2" type="stmt"/>
      <line num="143" count="2" type="stmt"/>
      <line num="146" count="2" type="stmt"/>
      <line num="148" count="2" type="stmt"/>
      <line num="152" count="1" type="stmt"/>
      <line num="153" count="2" type="stmt"/>
      <line num="154" count="2" type="stmt"/>
      <line num="156" count="0" type="stmt"/>
      <line num="160" count="1" type="stmt"/>
      <line num="161" count="0" type="stmt"/>
      <line num="162" count="0" type="stmt"/>
      <line num="164" count="0" type="cond" truecount="0" falsecount="2"/>
      <line num="166" count="0" type="stmt"/>
      <line num="168" count="0" type="stmt"/>
      <line num="173" count="0" type="stmt"/>
      <line num="174" count="0" type="stmt"/>
      <line num="176" count="0" type="stmt"/>
      <line num="178" count="0" type="stmt"/>
      <line num="180" count="0" type="stmt"/>
      <line num="184" count="1" type="stmt"/>
      <line num="189" count="0" type="stmt"/>
      <line num="190" count="0" type="stmt"/>
      <line num="191" count="0" type="stmt"/>
      <line num="192" count="0" type="cond" truecount="0" falsecount="4"/>
      <line num="194" count="0" type="stmt"/>
      <line num="195" count="0" type="stmt"/>
      <line num="196" count="0" type="stmt"/>
      <line num="198" count="0" type="stmt"/>
      <line num="205" count="0" type="stmt"/>
      <line num="207" count="0" type="stmt"/>
      <line num="208" count="0" type="stmt"/>
      <line num="210" count="0" type="stmt"/>
      <line num="218" count="0" type="stmt"/>
      <line num="220" count="0" type="stmt"/>
      <line num="226" count="4" type="stmt"/>
      <line num="228" count="4" type="cond" truecount="1" falsecount="1"/>
      <line num="230" count="4" type="stmt"/>
      <line num="232" count="4" type="cond" truecount="2" falsecount="0"/>
      <line num="234" count="2" type="stmt"/>
      <line num="235" count="2" type="cond" truecount="1" falsecount="1"/>
      <line num="236" count="2" type="stmt"/>
      <line num="237" count="2" type="stmt"/>
      <line num="241" count="1" type="stmt"/>
      <line num="242" count="10" type="cond" truecount="2" falsecount="0"/>
      <line num="243" count="1" type="stmt"/>
      <line num="246" count="9" type="cond" truecount="1" falsecount="1"/>
      <line num="247" count="9" type="stmt"/>
      <line num="250" count="0" type="stmt"/>
      <line num="251" count="0" type="stmt"/>
    </file>
    <file name="auth.js" path="C:\projects\audiobot\auth.js">
      <metrics statements="4" coveredstatements="4" conditionals="0" coveredconditionals="0" methods="2" coveredmethods="2"/>
      <line num="4" count="1" type="stmt"/>
      <line num="5" count="1" type="stmt"/>
      <line num="9" count="3" type="stmt"/>
      <line num="10" count="3" type="stmt"/>
    </file>
    <file name="db.js" path="C:\projects\audiobot\db.js">
      <metrics statements="9" coveredstatements="5" conditionals="0" coveredconditionals="0" methods="6" coveredmethods="3"/>
      <line num="4" count="4" type="stmt"/>
      <line num="7" count="4" type="stmt"/>
      <line num="11" count="1" type="stmt"/>
      <line num="18" count="0" type="stmt"/>
      <line num="25" count="0" type="stmt"/>
      <line num="28" count="0" type="stmt"/>
      <line num="32" count="4" type="stmt"/>
      <line num="35" count="4" type="stmt"/>
      <line num="39" count="0" type="stmt"/>
    </file>
    <file name="errors.js" path="C:\projects\audiobot\errors.js">
      <metrics statements="8" coveredstatements="8" conditionals="5" coveredconditionals="5" methods="6" coveredmethods="6"/>
      <line num="3" count="10" type="stmt"/>
      <line num="4" count="10" type="stmt"/>
      <line num="5" count="10" type="stmt"/>
      <line num="11" count="3" type="stmt"/>
      <line num="17" count="2" type="stmt"/>
      <line num="23" count="3" type="stmt"/>
      <line num="29" count="1" type="stmt"/>
      <line num="35" count="1" type="stmt"/>
    </file>
    <file name="schema.js" path="C:\projects\audiobot\schema.js">
      <metrics statements="3" coveredstatements="3" conditionals="0" coveredconditionals="0" methods="0" coveredmethods="0"/>
      <line num="4" count="1" type="stmt"/>
      <line num="6" count="1" type="stmt"/>
      <line num="12" count="1" type="stmt"/>
    </file>
  </project>
</coverage>
