{"C:\\projects\\audiobot\\app.js": {"path":"C:\\projects\\audiobot\\app.js","statementMap":{"0":{"start":{"line":18,"column":0},"end":{"line":18,"column":16}},"1":{"start":{"line":19,"column":12},"end":{"line":19,"column":21}},"2":{"start":{"line":20,"column":0},"end":{"line":20,"column":24}},"3":{"start":{"line":21,"column":0},"end":{"line":21,"column":16}},"4":{"start":{"line":24,"column":0},"end":{"line":24,"column":38}},"5":{"start":{"line":25,"column":16},"end":{"line":25,"column":38}},"6":{"start":{"line":26,"column":15},"end":{"line":26,"column":34}},"7":{"start":{"line":28,"column":0},"end":{"line":43,"column":3}},"8":{"start":{"line":29,"column":33},"end":{"line":29,"column":41}},"9":{"start":{"line":31,"column":2},"end":{"line":31,"column":60}},"10":{"start":{"line":31,"column":30},"end":{"line":31,"column":60}},"11":{"start":{"line":33,"column":2},"end":{"line":42,"column":3}},"12":{"start":{"line":34,"column":17},"end":{"line":34,"column":41}},"13":{"start":{"line":35,"column":17},"end":{"line":37,"column":5}},"14":{"start":{"line":38,"column":4},"end":{"line":38,"column":29}},"15":{"start":{"line":39,"column":4},"end":{"line":39,"column":50}},"16":{"start":{"line":41,"column":4},"end":{"line":41,"column":12}},"17":{"start":{"line":45,"column":0},"end":{"line":71,"column":3}},"18":{"start":{"line":46,"column":33},"end":{"line":46,"column":41}},"19":{"start":{"line":48,"column":2},"end":{"line":48,"column":60}},"20":{"start":{"line":48,"column":30},"end":{"line":48,"column":60}},"21":{"start":{"line":50,"column":2},"end":{"line":70,"column":3}},"22":{"start":{"line":51,"column":23},"end":{"line":53,"column":20}},"23":{"start":{"line":55,"column":4},"end":{"line":55,"column":47}},"24":{"start":{"line":55,"column":21},"end":{"line":55,"column":47}},"25":{"start":{"line":57,"column":17},"end":{"line":57,"column":63}},"26":{"start":{"line":59,"column":4},"end":{"line":59,"column":42}},"27":{"start":{"line":59,"column":15},"end":{"line":59,"column":42}},"28":{"start":{"line":61,"column":17},"end":{"line":61,"column":54}},"29":{"start":{"line":63,"column":24},"end":{"line":65,"column":6}},"30":{"start":{"line":67,"column":4},"end":{"line":67,"column":71}},"31":{"start":{"line":69,"column":4},"end":{"line":69,"column":12}},"32":{"start":{"line":73,"column":0},"end":{"line":90,"column":3}},"33":{"start":{"line":74,"column":17},"end":{"line":74,"column":32}},"34":{"start":{"line":76,"column":2},"end":{"line":76,"column":42}},"35":{"start":{"line":76,"column":15},"end":{"line":76,"column":42}},"36":{"start":{"line":78,"column":2},"end":{"line":89,"column":3}},"37":{"start":{"line":79,"column":17},"end":{"line":79,"column":75}},"38":{"start":{"line":81,"column":4},"end":{"line":81,"column":42}},"39":{"start":{"line":81,"column":15},"end":{"line":81,"column":42}},"40":{"start":{"line":83,"column":18},"end":{"line":83,"column":27}},"41":{"start":{"line":84,"column":4},"end":{"line":84,"column":48}},"42":{"start":{"line":85,"column":4},"end":{"line":85,"column":32}},"43":{"start":{"line":87,"column":4},"end":{"line":87,"column":24}},"44":{"start":{"line":88,"column":4},"end":{"line":88,"column":21}},"45":{"start":{"line":92,"column":0},"end":{"line":109,"column":3}},"46":{"start":{"line":93,"column":13},"end":{"line":93,"column":26}},"47":{"start":{"line":95,"column":2},"end":{"line":95,"column":38}},"48":{"start":{"line":95,"column":11},"end":{"line":95,"column":38}},"49":{"start":{"line":97,"column":2},"end":{"line":108,"column":3}},"50":{"start":{"line":98,"column":21},"end":{"line":98,"column":75}},"51":{"start":{"line":99,"column":4},"end":{"line":102,"column":6}},"52":{"start":{"line":103,"column":4},"end":{"line":103,"column":42}},"53":{"start":{"line":104,"column":4},"end":{"line":104,"column":40}},"54":{"start":{"line":106,"column":4},"end":{"line":106,"column":24}},"55":{"start":{"line":107,"column":4},"end":{"line":107,"column":21}},"56":{"start":{"line":111,"column":0},"end":{"line":127,"column":3}},"57":{"start":{"line":112,"column":2},"end":{"line":126,"column":3}},"58":{"start":{"line":113,"column":23},"end":{"line":115,"column":23}},"59":{"start":{"line":117,"column":4},"end":{"line":117,"column":48}},"60":{"start":{"line":117,"column":21},"end":{"line":117,"column":48}},"61":{"start":{"line":119,"column":21},"end":{"line":121,"column":25}},"62":{"start":{"line":122,"column":4},"end":{"line":122,"column":45}},"63":{"start":{"line":124,"column":4},"end":{"line":124,"column":21}},"64":{"start":{"line":125,"column":4},"end":{"line":125,"column":24}},"65":{"start":{"line":129,"column":0},"end":{"line":142,"column":3}},"66":{"start":{"line":130,"column":17},"end":{"line":130,"column":30}},"67":{"start":{"line":132,"column":2},"end":{"line":132,"column":42}},"68":{"start":{"line":132,"column":15},"end":{"line":132,"column":42}},"69":{"start":{"line":134,"column":2},"end":{"line":141,"column":3}},"70":{"start":{"line":135,"column":21},"end":{"line":135,"column":79}},"71":{"start":{"line":136,"column":4},"end":{"line":136,"column":48}},"72":{"start":{"line":137,"column":4},"end":{"line":137,"column":40}},"73":{"start":{"line":139,"column":4},"end":{"line":139,"column":24}},"74":{"start":{"line":140,"column":4},"end":{"line":140,"column":21}},"75":{"start":{"line":144,"column":0},"end":{"line":150,"column":3}},"76":{"start":{"line":145,"column":2},"end":{"line":149,"column":3}},"77":{"start":{"line":146,"column":4},"end":{"line":146,"column":24}},"78":{"start":{"line":148,"column":4},"end":{"line":148,"column":12}},"79":{"start":{"line":152,"column":0},"end":{"line":164,"column":3}},"80":{"start":{"line":153,"column":17},"end":{"line":153,"column":30}},"81":{"start":{"line":155,"column":2},"end":{"line":155,"column":42}},"82":{"start":{"line":155,"column":15},"end":{"line":155,"column":42}},"83":{"start":{"line":157,"column":2},"end":{"line":163,"column":3}},"84":{"start":{"line":158,"column":21},"end":{"line":158,"column":77}},"85":{"start":{"line":159,"column":4},"end":{"line":159,"column":24}},"86":{"start":{"line":161,"column":4},"end":{"line":161,"column":21}},"87":{"start":{"line":162,"column":4},"end":{"line":162,"column":24}},"88":{"start":{"line":166,"column":0},"end":{"line":185,"column":3}},"89":{"start":{"line":167,"column":2},"end":{"line":167,"column":44}},"90":{"start":{"line":167,"column":17},"end":{"line":167,"column":44}},"91":{"start":{"line":169,"column":2},"end":{"line":184,"column":3}},"92":{"start":{"line":170,"column":23},"end":{"line":172,"column":23}},"93":{"start":{"line":174,"column":4},"end":{"line":174,"column":48}},"94":{"start":{"line":174,"column":21},"end":{"line":174,"column":48}},"95":{"start":{"line":176,"column":17},"end":{"line":178,"column":5}},"96":{"start":{"line":179,"column":4},"end":{"line":179,"column":68}},"97":{"start":{"line":180,"column":4},"end":{"line":180,"column":52}},"98":{"start":{"line":182,"column":4},"end":{"line":182,"column":24}},"99":{"start":{"line":183,"column":4},"end":{"line":183,"column":21}},"100":{"start":{"line":188,"column":21},"end":{"line":188,"column":49}},"101":{"start":{"line":190,"column":2},"end":{"line":190,"column":46}},"102":{"start":{"line":190,"column":19},"end":{"line":190,"column":46}},"103":{"start":{"line":192,"column":16},"end":{"line":192,"column":40}},"104":{"start":{"line":194,"column":2},"end":{"line":194,"column":41}},"105":{"start":{"line":194,"column":14},"end":{"line":194,"column":41}},"106":{"start":{"line":196,"column":2},"end":{"line":200,"column":5}},"107":{"start":{"line":197,"column":4},"end":{"line":197,"column":40}},"108":{"start":{"line":197,"column":13},"end":{"line":197,"column":40}},"109":{"start":{"line":198,"column":4},"end":{"line":198,"column":20}},"110":{"start":{"line":199,"column":4},"end":{"line":199,"column":11}},"111":{"start":{"line":203,"column":0},"end":{"line":210,"column":3}},"112":{"start":{"line":204,"column":2},"end":{"line":206,"column":3}},"113":{"start":{"line":205,"column":4},"end":{"line":205,"column":67}},"114":{"start":{"line":208,"column":2},"end":{"line":208,"column":19}},"115":{"start":{"line":209,"column":2},"end":{"line":209,"column":76}}},"fnMap":{"0":{"name":"(anonymous_0)","decl":{"start":{"line":28,"column":22},"end":{"line":28,"column":23}},"loc":{"start":{"line":28,"column":48},"end":{"line":43,"column":1}},"line":28},"1":{"name":"(anonymous_1)","decl":{"start":{"line":45,"column":19},"end":{"line":45,"column":20}},"loc":{"start":{"line":45,"column":45},"end":{"line":71,"column":1}},"line":45},"2":{"name":"(anonymous_2)","decl":{"start":{"line":73,"column":18},"end":{"line":73,"column":19}},"loc":{"start":{"line":73,"column":32},"end":{"line":90,"column":1}},"line":73},"3":{"name":"(anonymous_3)","decl":{"start":{"line":92,"column":25},"end":{"line":92,"column":26}},"loc":{"start":{"line":92,"column":39},"end":{"line":109,"column":1}},"line":92},"4":{"name":"(anonymous_4)","decl":{"start":{"line":111,"column":31},"end":{"line":111,"column":32}},"loc":{"start":{"line":111,"column":45},"end":{"line":127,"column":1}},"line":111},"5":{"name":"(anonymous_5)","decl":{"start":{"line":129,"column":22},"end":{"line":129,"column":23}},"loc":{"start":{"line":129,"column":36},"end":{"line":142,"column":1}},"line":129},"6":{"name":"(anonymous_6)","decl":{"start":{"line":144,"column":37},"end":{"line":144,"column":38}},"loc":{"start":{"line":144,"column":57},"end":{"line":150,"column":1}},"line":144},"7":{"name":"(anonymous_7)","decl":{"start":{"line":152,"column":25},"end":{"line":152,"column":26}},"loc":{"start":{"line":152,"column":39},"end":{"line":164,"column":1}},"line":152},"8":{"name":"(anonymous_8)","decl":{"start":{"line":166,"column":58},"end":{"line":166,"column":59}},"loc":{"start":{"line":166,"column":72},"end":{"line":185,"column":1}},"line":166},"9":{"name":"authenticate","decl":{"start":{"line":187,"column":9},"end":{"line":187,"column":21}},"loc":{"start":{"line":187,"column":38},"end":{"line":201,"column":1}},"line":187},"10":{"name":"(anonymous_10)","decl":{"start":{"line":196,"column":46},"end":{"line":196,"column":47}},"loc":{"start":{"line":196,"column":61},"end":{"line":200,"column":3}},"line":196},"11":{"name":"(anonymous_11)","decl":{"start":{"line":203,"column":8},"end":{"line":203,"column":9}},"loc":{"start":{"line":203,"column":33},"end":{"line":210,"column":1}},"line":203}},"branchMap":{"0":{"loc":{"start":{"line":31,"column":2},"end":{"line":31,"column":60}},"type":"if","locations":[{"start":{"line":31,"column":2},"end":{"line":31,"column":60}},{"start":{},"end":{}}],"line":31},"1":{"loc":{"start":{"line":31,"column":6},"end":{"line":31,"column":28}},"type":"binary-expr","locations":[{"start":{"line":31,"column":6},"end":{"line":31,"column":15}},{"start":{"line":31,"column":19},"end":{"line":31,"column":28}}],"line":31},"2":{"loc":{"start":{"line":48,"column":2},"end":{"line":48,"column":60}},"type":"if","locations":[{"start":{"line":48,"column":2},"end":{"line":48,"column":60}},{"start":{},"end":{}}],"line":48},"3":{"loc":{"start":{"line":48,"column":6},"end":{"line":48,"column":28}},"type":"binary-expr","locations":[{"start":{"line":48,"column":6},"end":{"line":48,"column":15}},{"start":{"line":48,"column":19},"end":{"line":48,"column":28}}],"line":48},"4":{"loc":{"start":{"line":55,"column":4},"end":{"line":55,"column":47}},"type":"if","locations":[{"start":{"line":55,"column":4},"end":{"line":55,"column":47}},{"start":{},"end":{}}],"line":55},"5":{"loc":{"start":{"line":59,"column":4},"end":{"line":59,"column":42}},"type":"if","locations":[{"start":{"line":59,"column":4},"end":{"line":59,"column":42}},{"start":{},"end":{}}],"line":59},"6":{"loc":{"start":{"line":76,"column":2},"end":{"line":76,"column":42}},"type":"if","locations":[{"start":{"line":76,"column":2},"end":{"line":76,"column":42}},{"start":{},"end":{}}],"line":76},"7":{"loc":{"start":{"line":81,"column":4},"end":{"line":81,"column":42}},"type":"if","locations":[{"start":{"line":81,"column":4},"end":{"line":81,"column":42}},{"start":{},"end":{}}],"line":81},"8":{"loc":{"start":{"line":95,"column":2},"end":{"line":95,"column":38}},"type":"if","locations":[{"start":{"line":95,"column":2},"end":{"line":95,"column":38}},{"start":{},"end":{}}],"line":95},"9":{"loc":{"start":{"line":117,"column":4},"end":{"line":117,"column":48}},"type":"if","locations":[{"start":{"line":117,"column":4},"end":{"line":117,"column":48}},{"start":{},"end":{}}],"line":117},"10":{"loc":{"start":{"line":132,"column":2},"end":{"line":132,"column":42}},"type":"if","locations":[{"start":{"line":132,"column":2},"end":{"line":132,"column":42}},{"start":{},"end":{}}],"line":132},"11":{"loc":{"start":{"line":155,"column":2},"end":{"line":155,"column":42}},"type":"if","locations":[{"start":{"line":155,"column":2},"end":{"line":155,"column":42}},{"start":{},"end":{}}],"line":155},"12":{"loc":{"start":{"line":167,"column":2},"end":{"line":167,"column":44}},"type":"if","locations":[{"start":{"line":167,"column":2},"end":{"line":167,"column":44}},{"start":{},"end":{}}],"line":167},"13":{"loc":{"start":{"line":174,"column":4},"end":{"line":174,"column":48}},"type":"if","locations":[{"start":{"line":174,"column":4},"end":{"line":174,"column":48}},{"start":{},"end":{}}],"line":174},"14":{"loc":{"start":{"line":190,"column":2},"end":{"line":190,"column":46}},"type":"if","locations":[{"start":{"line":190,"column":2},"end":{"line":190,"column":46}},{"start":{},"end":{}}],"line":190},"15":{"loc":{"start":{"line":194,"column":2},"end":{"line":194,"column":41}},"type":"if","locations":[{"start":{"line":194,"column":2},"end":{"line":194,"column":41}},{"start":{},"end":{}}],"line":194},"16":{"loc":{"start":{"line":197,"column":4},"end":{"line":197,"column":40}},"type":"if","locations":[{"start":{"line":197,"column":4},"end":{"line":197,"column":40}},{"start":{},"end":{}}],"line":197},"17":{"loc":{"start":{"line":204,"column":2},"end":{"line":206,"column":3}},"type":"if","locations":[{"start":{"line":204,"column":2},"end":{"line":206,"column":3}},{"start":{},"end":{}}],"line":204}},"s":{"0":1,"1":1,"2":1,"3":1,"4":1,"5":1,"6":1,"7":1,"8":1,"9":1,"10":1,"11":0,"12":0,"13":0,"14":0,"15":0,"16":0,"17":1,"18":2,"19":2,"20":0,"21":2,"22":2,"23":2,"24":0,"25":2,"26":2,"27":0,"28":2,"29":2,"30":2,"31":0,"32":1,"33":0,"34":0,"35":0,"36":0,"37":0,"38":0,"39":0,"40":0,"41":0,"42":0,"43":0,"44":0,"45":1,"46":0,"47":0,"48":0,"49":0,"50":0,"51":0,"52":0,"53":0,"54":0,"55":0,"56":1,"57":0,"58":0,"59":0,"60":0,"61":0,"62":0,"63":0,"64":0,"65":1,"66":0,"67":0,"68":0,"69":0,"70":0,"71":0,"72":0,"73":0,"74":0,"75":1,"76":0,"77":0,"78":0,"79":1,"80":0,"81":0,"82":0,"83":0,"84":0,"85":0,"86":0,"87":0,"88":1,"89":0,"90":0,"91":0,"92":0,"93":0,"94":0,"95":0,"96":0,"97":0,"98":0,"99":0,"100":0,"101":0,"102":0,"103":0,"104":0,"105":0,"106":0,"107":0,"108":0,"109":0,"110":0,"111":1,"112":1,"113":1,"114":0,"115":0},"f":{"0":1,"1":2,"2":0,"3":0,"4":0,"5":0,"6":0,"7":0,"8":0,"9":0,"10":0,"11":1},"b":{"0":[1,0],"1":[1,0],"2":[0,2],"3":[2,2],"4":[0,2],"5":[0,2],"6":[0,0],"7":[0,0],"8":[0,0],"9":[0,0],"10":[0,0],"11":[0,0],"12":[0,0],"13":[0,0],"14":[0,0],"15":[0,0],"16":[0,0],"17":[1,0]},"_coverageSchema":"1a1c01bbd47fc00a2c39e90264f33305004495a9","hash":"8c3bcdec16f4697a1f316388aaf8c42661c8b3ad"}
,"C:\\projects\\audiobot\\auth.js": {"path":"C:\\projects\\audiobot\\auth.js","statementMap":{"0":{"start":{"line":4,"column":15},"end":{"line":4,"column":46}},"1":{"start":{"line":5,"column":2},"end":{"line":5,"column":14}},"2":{"start":{"line":9,"column":15},"end":{"line":9,"column":53}},"3":{"start":{"line":10,"column":2},"end":{"line":10,"column":14}}},"fnMap":{"0":{"name":"hashPass","decl":{"start":{"line":3,"column":22},"end":{"line":3,"column":30}},"loc":{"start":{"line":3,"column":41},"end":{"line":6,"column":1}},"line":3},"1":{"name":"checkHash","decl":{"start":{"line":8,"column":22},"end":{"line":8,"column":31}},"loc":{"start":{"line":8,"column":50},"end":{"line":11,"column":1}},"line":8}},"branchMap":{},"s":{"0":0,"1":0,"2":2,"3":2},"f":{"0":0,"1":2},"b":{},"_coverageSchema":"1a1c01bbd47fc00a2c39e90264f33305004495a9","hash":"20a9c3e7eee56a187b6efdc8bcd26efa876404e1"}
,"C:\\projects\\audiobot\\errors.js": {"path":"C:\\projects\\audiobot\\errors.js","statementMap":{"0":{"start":{"line":3,"column":4},"end":{"line":3,"column":19}},"1":{"start":{"line":4,"column":4},"end":{"line":4,"column":33}},"2":{"start":{"line":5,"column":4},"end":{"line":5,"column":30}},"3":{"start":{"line":11,"column":4},"end":{"line":11,"column":24}},"4":{"start":{"line":17,"column":4},"end":{"line":17,"column":24}},"5":{"start":{"line":23,"column":4},"end":{"line":23,"column":24}},"6":{"start":{"line":29,"column":4},"end":{"line":29,"column":24}}},"fnMap":{"0":{"name":"(anonymous_0)","decl":{"start":{"line":2,"column":2},"end":{"line":2,"column":3}},"loc":{"start":{"line":2,"column":35},"end":{"line":6,"column":3}},"line":2},"1":{"name":"(anonymous_1)","decl":{"start":{"line":10,"column":2},"end":{"line":10,"column":3}},"loc":{"start":{"line":10,"column":66},"end":{"line":12,"column":3}},"line":10},"2":{"name":"(anonymous_2)","decl":{"start":{"line":16,"column":2},"end":{"line":16,"column":3}},"loc":{"start":{"line":16,"column":69},"end":{"line":18,"column":3}},"line":16},"3":{"name":"(anonymous_3)","decl":{"start":{"line":22,"column":2},"end":{"line":22,"column":3}},"loc":{"start":{"line":22,"column":66},"end":{"line":24,"column":3}},"line":22},"4":{"name":"(anonymous_4)","decl":{"start":{"line":28,"column":2},"end":{"line":28,"column":3}},"loc":{"start":{"line":28,"column":55},"end":{"line":30,"column":3}},"line":28}},"branchMap":{"0":{"loc":{"start":{"line":10,"column":14},"end":{"line":10,"column":64}},"type":"default-arg","locations":[{"start":{"line":10,"column":24},"end":{"line":10,"column":64}}],"line":10},"1":{"loc":{"start":{"line":16,"column":14},"end":{"line":16,"column":67}},"type":"default-arg","locations":[{"start":{"line":16,"column":24},"end":{"line":16,"column":67}}],"line":16},"2":{"loc":{"start":{"line":22,"column":14},"end":{"line":22,"column":64}},"type":"default-arg","locations":[{"start":{"line":22,"column":24},"end":{"line":22,"column":64}}],"line":22},"3":{"loc":{"start":{"line":28,"column":14},"end":{"line":28,"column":53}},"type":"default-arg","locations":[{"start":{"line":28,"column":24},"end":{"line":28,"column":53}}],"line":28}},"s":{"0":1,"1":1,"2":1,"3":0,"4":0,"5":1,"6":0},"f":{"0":1,"1":0,"2":0,"3":1,"4":0},"b":{"0":[0],"1":[0],"2":[1],"3":[0]},"_coverageSchema":"1a1c01bbd47fc00a2c39e90264f33305004495a9","hash":"15cacfa727de0e27b42ba0cae29d7ccdd7e4c3dc"}
,"C:\\projects\\audiobot\\schema.js": {"path":"C:\\projects\\audiobot\\schema.js","statementMap":{"0":{"start":{"line":5,"column":15},"end":{"line":5,"column":31}},"1":{"start":{"line":7,"column":11},"end":{"line":7,"column":31}},"2":{"start":{"line":8,"column":0},"end":{"line":8,"column":31}},"3":{"start":{"line":10,"column":0},"end":{"line":24,"column":5}}},"fnMap":{},"branchMap":{},"s":{"0":1,"1":1,"2":1,"3":1},"f":{},"b":{},"_coverageSchema":"1a1c01bbd47fc00a2c39e90264f33305004495a9","hash":"483a45be1dc0516f425443ec445efecc1128ddd9"}
}
