{"C:\\projects\\audiobot\\app.js": {"path":"C:\\projects\\audiobot\\app.js","statementMap":{"0":{"start":{"line":19,"column":0},"end":{"line":19,"column":16}},"1":{"start":{"line":20,"column":12},"end":{"line":20,"column":21}},"2":{"start":{"line":21,"column":0},"end":{"line":21,"column":24}},"3":{"start":{"line":22,"column":0},"end":{"line":22,"column":16}},"4":{"start":{"line":25,"column":0},"end":{"line":25,"column":38}},"5":{"start":{"line":26,"column":16},"end":{"line":26,"column":38}},"6":{"start":{"line":27,"column":15},"end":{"line":27,"column":34}},"7":{"start":{"line":29,"column":0},"end":{"line":44,"column":3}},"8":{"start":{"line":30,"column":2},"end":{"line":43,"column":3}},"9":{"start":{"line":31,"column":35},"end":{"line":31,"column":43}},"10":{"start":{"line":33,"column":4},"end":{"line":33,"column":62}},"11":{"start":{"line":33,"column":32},"end":{"line":33,"column":62}},"12":{"start":{"line":35,"column":17},"end":{"line":35,"column":41}},"13":{"start":{"line":36,"column":17},"end":{"line":38,"column":5}},"14":{"start":{"line":39,"column":4},"end":{"line":39,"column":29}},"15":{"start":{"line":40,"column":4},"end":{"line":40,"column":50}},"16":{"start":{"line":42,"column":4},"end":{"line":42,"column":12}},"17":{"start":{"line":46,"column":0},"end":{"line":72,"column":3}},"18":{"start":{"line":47,"column":2},"end":{"line":71,"column":3}},"19":{"start":{"line":48,"column":35},"end":{"line":48,"column":43}},"20":{"start":{"line":50,"column":4},"end":{"line":50,"column":62}},"21":{"start":{"line":50,"column":32},"end":{"line":50,"column":62}},"22":{"start":{"line":52,"column":23},"end":{"line":54,"column":20}},"23":{"start":{"line":56,"column":4},"end":{"line":56,"column":47}},"24":{"start":{"line":56,"column":21},"end":{"line":56,"column":47}},"25":{"start":{"line":58,"column":17},"end":{"line":58,"column":63}},"26":{"start":{"line":60,"column":4},"end":{"line":60,"column":50}},"27":{"start":{"line":60,"column":15},"end":{"line":60,"column":50}},"28":{"start":{"line":62,"column":17},"end":{"line":62,"column":54}},"29":{"start":{"line":64,"column":24},"end":{"line":66,"column":6}},"30":{"start":{"line":68,"column":4},"end":{"line":68,"column":71}},"31":{"start":{"line":70,"column":4},"end":{"line":70,"column":12}},"32":{"start":{"line":74,"column":0},"end":{"line":90,"column":3}},"33":{"start":{"line":75,"column":2},"end":{"line":89,"column":3}},"34":{"start":{"line":76,"column":19},"end":{"line":76,"column":34}},"35":{"start":{"line":78,"column":4},"end":{"line":78,"column":47}},"36":{"start":{"line":78,"column":17},"end":{"line":78,"column":47}},"37":{"start":{"line":80,"column":17},"end":{"line":80,"column":75}},"38":{"start":{"line":82,"column":4},"end":{"line":82,"column":41}},"39":{"start":{"line":82,"column":15},"end":{"line":82,"column":41}},"40":{"start":{"line":84,"column":18},"end":{"line":84,"column":27}},"41":{"start":{"line":85,"column":4},"end":{"line":85,"column":48}},"42":{"start":{"line":86,"column":4},"end":{"line":86,"column":32}},"43":{"start":{"line":88,"column":4},"end":{"line":88,"column":12}},"44":{"start":{"line":92,"column":0},"end":{"line":108,"column":3}},"45":{"start":{"line":93,"column":13},"end":{"line":93,"column":26}},"46":{"start":{"line":95,"column":2},"end":{"line":95,"column":41}},"47":{"start":{"line":95,"column":11},"end":{"line":95,"column":41}},"48":{"start":{"line":97,"column":2},"end":{"line":107,"column":3}},"49":{"start":{"line":98,"column":21},"end":{"line":98,"column":75}},"50":{"start":{"line":99,"column":4},"end":{"line":102,"column":6}},"51":{"start":{"line":103,"column":4},"end":{"line":103,"column":42}},"52":{"start":{"line":104,"column":4},"end":{"line":104,"column":40}},"53":{"start":{"line":106,"column":4},"end":{"line":106,"column":12}},"54":{"start":{"line":110,"column":0},"end":{"line":125,"column":3}},"55":{"start":{"line":111,"column":2},"end":{"line":124,"column":3}},"56":{"start":{"line":112,"column":23},"end":{"line":114,"column":23}},"57":{"start":{"line":116,"column":4},"end":{"line":116,"column":51}},"58":{"start":{"line":116,"column":21},"end":{"line":116,"column":51}},"59":{"start":{"line":118,"column":21},"end":{"line":120,"column":25}},"60":{"start":{"line":121,"column":4},"end":{"line":121,"column":45}},"61":{"start":{"line":123,"column":4},"end":{"line":123,"column":12}},"62":{"start":{"line":127,"column":0},"end":{"line":142,"column":3}},"63":{"start":{"line":128,"column":2},"end":{"line":141,"column":3}},"64":{"start":{"line":129,"column":19},"end":{"line":129,"column":32}},"65":{"start":{"line":131,"column":4},"end":{"line":131,"column":47}},"66":{"start":{"line":131,"column":17},"end":{"line":131,"column":47}},"67":{"start":{"line":133,"column":21},"end":{"line":133,"column":79}},"68":{"start":{"line":135,"column":4},"end":{"line":135,"column":45}},"69":{"start":{"line":135,"column":19},"end":{"line":135,"column":45}},"70":{"start":{"line":137,"column":4},"end":{"line":137,"column":48}},"71":{"start":{"line":138,"column":4},"end":{"line":138,"column":40}},"72":{"start":{"line":140,"column":4},"end":{"line":140,"column":12}},"73":{"start":{"line":144,"column":0},"end":{"line":150,"column":3}},"74":{"start":{"line":145,"column":2},"end":{"line":149,"column":3}},"75":{"start":{"line":146,"column":4},"end":{"line":146,"column":24}},"76":{"start":{"line":148,"column":4},"end":{"line":148,"column":12}},"77":{"start":{"line":152,"column":0},"end":{"line":163,"column":3}},"78":{"start":{"line":153,"column":2},"end":{"line":162,"column":3}},"79":{"start":{"line":154,"column":19},"end":{"line":154,"column":32}},"80":{"start":{"line":156,"column":4},"end":{"line":156,"column":47}},"81":{"start":{"line":156,"column":17},"end":{"line":156,"column":47}},"82":{"start":{"line":158,"column":4},"end":{"line":158,"column":61}},"83":{"start":{"line":159,"column":4},"end":{"line":159,"column":24}},"84":{"start":{"line":161,"column":4},"end":{"line":161,"column":12}},"85":{"start":{"line":165,"column":0},"end":{"line":183,"column":3}},"86":{"start":{"line":166,"column":2},"end":{"line":182,"column":3}},"87":{"start":{"line":167,"column":4},"end":{"line":167,"column":49}},"88":{"start":{"line":167,"column":19},"end":{"line":167,"column":49}},"89":{"start":{"line":169,"column":23},"end":{"line":171,"column":23}},"90":{"start":{"line":173,"column":4},"end":{"line":173,"column":47}},"91":{"start":{"line":173,"column":21},"end":{"line":173,"column":47}},"92":{"start":{"line":175,"column":17},"end":{"line":177,"column":5}},"93":{"start":{"line":178,"column":4},"end":{"line":178,"column":68}},"94":{"start":{"line":179,"column":4},"end":{"line":179,"column":52}},"95":{"start":{"line":181,"column":4},"end":{"line":181,"column":12}},"96":{"start":{"line":186,"column":21},"end":{"line":186,"column":49}},"97":{"start":{"line":188,"column":2},"end":{"line":188,"column":49}},"98":{"start":{"line":188,"column":19},"end":{"line":188,"column":49}},"99":{"start":{"line":190,"column":16},"end":{"line":190,"column":40}},"100":{"start":{"line":192,"column":2},"end":{"line":192,"column":41}},"101":{"start":{"line":192,"column":14},"end":{"line":192,"column":41}},"102":{"start":{"line":194,"column":2},"end":{"line":198,"column":5}},"103":{"start":{"line":195,"column":4},"end":{"line":195,"column":40}},"104":{"start":{"line":195,"column":13},"end":{"line":195,"column":40}},"105":{"start":{"line":196,"column":4},"end":{"line":196,"column":20}},"106":{"start":{"line":197,"column":4},"end":{"line":197,"column":11}},"107":{"start":{"line":201,"column":0},"end":{"line":212,"column":3}},"108":{"start":{"line":202,"column":2},"end":{"line":204,"column":3}},"109":{"start":{"line":203,"column":4},"end":{"line":203,"column":32}},"110":{"start":{"line":206,"column":2},"end":{"line":208,"column":3}},"111":{"start":{"line":207,"column":4},"end":{"line":207,"column":67}},"112":{"start":{"line":210,"column":2},"end":{"line":210,"column":19}},"113":{"start":{"line":211,"column":2},"end":{"line":211,"column":76}}},"fnMap":{"0":{"name":"(anonymous_0)","decl":{"start":{"line":29,"column":22},"end":{"line":29,"column":23}},"loc":{"start":{"line":29,"column":48},"end":{"line":44,"column":1}},"line":29},"1":{"name":"(anonymous_1)","decl":{"start":{"line":46,"column":19},"end":{"line":46,"column":20}},"loc":{"start":{"line":46,"column":45},"end":{"line":72,"column":1}},"line":46},"2":{"name":"(anonymous_2)","decl":{"start":{"line":74,"column":18},"end":{"line":74,"column":19}},"loc":{"start":{"line":74,"column":38},"end":{"line":90,"column":1}},"line":74},"3":{"name":"(anonymous_3)","decl":{"start":{"line":92,"column":25},"end":{"line":92,"column":26}},"loc":{"start":{"line":92,"column":45},"end":{"line":108,"column":1}},"line":92},"4":{"name":"(anonymous_4)","decl":{"start":{"line":110,"column":31},"end":{"line":110,"column":32}},"loc":{"start":{"line":110,"column":51},"end":{"line":125,"column":1}},"line":110},"5":{"name":"(anonymous_5)","decl":{"start":{"line":127,"column":22},"end":{"line":127,"column":23}},"loc":{"start":{"line":127,"column":42},"end":{"line":142,"column":1}},"line":127},"6":{"name":"(anonymous_6)","decl":{"start":{"line":144,"column":37},"end":{"line":144,"column":38}},"loc":{"start":{"line":144,"column":57},"end":{"line":150,"column":1}},"line":144},"7":{"name":"(anonymous_7)","decl":{"start":{"line":152,"column":25},"end":{"line":152,"column":26}},"loc":{"start":{"line":152,"column":45},"end":{"line":163,"column":1}},"line":152},"8":{"name":"(anonymous_8)","decl":{"start":{"line":165,"column":58},"end":{"line":165,"column":59}},"loc":{"start":{"line":165,"column":78},"end":{"line":183,"column":1}},"line":165},"9":{"name":"authenticate","decl":{"start":{"line":185,"column":9},"end":{"line":185,"column":21}},"loc":{"start":{"line":185,"column":38},"end":{"line":199,"column":1}},"line":185},"10":{"name":"(anonymous_10)","decl":{"start":{"line":194,"column":46},"end":{"line":194,"column":47}},"loc":{"start":{"line":194,"column":61},"end":{"line":198,"column":3}},"line":194},"11":{"name":"(anonymous_11)","decl":{"start":{"line":201,"column":8},"end":{"line":201,"column":9}},"loc":{"start":{"line":201,"column":33},"end":{"line":212,"column":1}},"line":201}},"branchMap":{"0":{"loc":{"start":{"line":33,"column":4},"end":{"line":33,"column":62}},"type":"if","locations":[{"start":{"line":33,"column":4},"end":{"line":33,"column":62}},{"start":{},"end":{}}],"line":33},"1":{"loc":{"start":{"line":33,"column":8},"end":{"line":33,"column":30}},"type":"binary-expr","locations":[{"start":{"line":33,"column":8},"end":{"line":33,"column":17}},{"start":{"line":33,"column":21},"end":{"line":33,"column":30}}],"line":33},"2":{"loc":{"start":{"line":50,"column":4},"end":{"line":50,"column":62}},"type":"if","locations":[{"start":{"line":50,"column":4},"end":{"line":50,"column":62}},{"start":{},"end":{}}],"line":50},"3":{"loc":{"start":{"line":50,"column":8},"end":{"line":50,"column":30}},"type":"binary-expr","locations":[{"start":{"line":50,"column":8},"end":{"line":50,"column":17}},{"start":{"line":50,"column":21},"end":{"line":50,"column":30}}],"line":50},"4":{"loc":{"start":{"line":56,"column":4},"end":{"line":56,"column":47}},"type":"if","locations":[{"start":{"line":56,"column":4},"end":{"line":56,"column":47}},{"start":{},"end":{}}],"line":56},"5":{"loc":{"start":{"line":60,"column":4},"end":{"line":60,"column":50}},"type":"if","locations":[{"start":{"line":60,"column":4},"end":{"line":60,"column":50}},{"start":{},"end":{}}],"line":60},"6":{"loc":{"start":{"line":78,"column":4},"end":{"line":78,"column":47}},"type":"if","locations":[{"start":{"line":78,"column":4},"end":{"line":78,"column":47}},{"start":{},"end":{}}],"line":78},"7":{"loc":{"start":{"line":82,"column":4},"end":{"line":82,"column":41}},"type":"if","locations":[{"start":{"line":82,"column":4},"end":{"line":82,"column":41}},{"start":{},"end":{}}],"line":82},"8":{"loc":{"start":{"line":95,"column":2},"end":{"line":95,"column":41}},"type":"if","locations":[{"start":{"line":95,"column":2},"end":{"line":95,"column":41}},{"start":{},"end":{}}],"line":95},"9":{"loc":{"start":{"line":116,"column":4},"end":{"line":116,"column":51}},"type":"if","locations":[{"start":{"line":116,"column":4},"end":{"line":116,"column":51}},{"start":{},"end":{}}],"line":116},"10":{"loc":{"start":{"line":131,"column":4},"end":{"line":131,"column":47}},"type":"if","locations":[{"start":{"line":131,"column":4},"end":{"line":131,"column":47}},{"start":{},"end":{}}],"line":131},"11":{"loc":{"start":{"line":135,"column":4},"end":{"line":135,"column":45}},"type":"if","locations":[{"start":{"line":135,"column":4},"end":{"line":135,"column":45}},{"start":{},"end":{}}],"line":135},"12":{"loc":{"start":{"line":156,"column":4},"end":{"line":156,"column":47}},"type":"if","locations":[{"start":{"line":156,"column":4},"end":{"line":156,"column":47}},{"start":{},"end":{}}],"line":156},"13":{"loc":{"start":{"line":167,"column":4},"end":{"line":167,"column":49}},"type":"if","locations":[{"start":{"line":167,"column":4},"end":{"line":167,"column":49}},{"start":{},"end":{}}],"line":167},"14":{"loc":{"start":{"line":173,"column":4},"end":{"line":173,"column":47}},"type":"if","locations":[{"start":{"line":173,"column":4},"end":{"line":173,"column":47}},{"start":{},"end":{}}],"line":173},"15":{"loc":{"start":{"line":188,"column":2},"end":{"line":188,"column":49}},"type":"if","locations":[{"start":{"line":188,"column":2},"end":{"line":188,"column":49}},{"start":{},"end":{}}],"line":188},"16":{"loc":{"start":{"line":192,"column":2},"end":{"line":192,"column":41}},"type":"if","locations":[{"start":{"line":192,"column":2},"end":{"line":192,"column":41}},{"start":{},"end":{}}],"line":192},"17":{"loc":{"start":{"line":195,"column":4},"end":{"line":195,"column":40}},"type":"if","locations":[{"start":{"line":195,"column":4},"end":{"line":195,"column":40}},{"start":{},"end":{}}],"line":195},"18":{"loc":{"start":{"line":202,"column":2},"end":{"line":204,"column":3}},"type":"if","locations":[{"start":{"line":202,"column":2},"end":{"line":204,"column":3}},{"start":{},"end":{}}],"line":202},"19":{"loc":{"start":{"line":206,"column":2},"end":{"line":208,"column":3}},"type":"if","locations":[{"start":{"line":206,"column":2},"end":{"line":208,"column":3}},{"start":{},"end":{}}],"line":206}},"s":{"0":1,"1":1,"2":1,"3":1,"4":1,"5":1,"6":1,"7":1,"8":2,"9":2,"10":2,"11":1,"12":1,"13":1,"14":1,"15":0,"16":2,"17":1,"18":6,"19":6,"20":6,"21":2,"22":4,"23":4,"24":1,"25":3,"26":3,"27":1,"28":2,"29":2,"30":2,"31":4,"32":1,"33":4,"34":4,"35":4,"36":1,"37":3,"38":3,"39":1,"40":2,"41":2,"42":2,"43":2,"44":1,"45":0,"46":0,"47":0,"48":0,"49":0,"50":0,"51":0,"52":0,"53":0,"54":1,"55":1,"56":1,"57":1,"58":1,"59":0,"60":0,"61":1,"62":1,"63":4,"64":4,"65":4,"66":0,"67":4,"68":4,"69":2,"70":2,"71":2,"72":2,"73":1,"74":2,"75":2,"76":0,"77":1,"78":0,"79":0,"80":0,"81":0,"82":0,"83":0,"84":0,"85":1,"86":0,"87":0,"88":0,"89":0,"90":0,"91":0,"92":0,"93":0,"94":0,"95":0,"96":4,"97":4,"98":0,"99":4,"100":4,"101":1,"102":3,"103":3,"104":0,"105":3,"106":3,"107":1,"108":12,"109":1,"110":11,"111":11,"112":0,"113":0},"f":{"0":2,"1":6,"2":4,"3":0,"4":1,"5":4,"6":2,"7":0,"8":0,"9":4,"10":3,"11":12},"b":{"0":[1,1],"1":[2,1],"2":[2,4],"3":[6,5],"4":[1,3],"5":[1,2],"6":[1,3],"7":[1,2],"8":[0,0],"9":[1,0],"10":[0,4],"11":[2,2],"12":[0,0],"13":[0,0],"14":[0,0],"15":[0,4],"16":[1,3],"17":[0,3],"18":[1,11],"19":[11,0]},"_coverageSchema":"1a1c01bbd47fc00a2c39e90264f33305004495a9","hash":"40c3d8ed788681890335d1fdec7a61188f4274ea"}
,"C:\\projects\\audiobot\\auth.js": {"path":"C:\\projects\\audiobot\\auth.js","statementMap":{"0":{"start":{"line":4,"column":15},"end":{"line":4,"column":46}},"1":{"start":{"line":5,"column":2},"end":{"line":5,"column":14}},"2":{"start":{"line":9,"column":15},"end":{"line":9,"column":53}},"3":{"start":{"line":10,"column":2},"end":{"line":10,"column":14}}},"fnMap":{"0":{"name":"hashPass","decl":{"start":{"line":3,"column":22},"end":{"line":3,"column":30}},"loc":{"start":{"line":3,"column":41},"end":{"line":6,"column":1}},"line":3},"1":{"name":"checkHash","decl":{"start":{"line":8,"column":22},"end":{"line":8,"column":31}},"loc":{"start":{"line":8,"column":50},"end":{"line":11,"column":1}},"line":8}},"branchMap":{},"s":{"0":1,"1":1,"2":3,"3":3},"f":{"0":1,"1":3},"b":{},"_coverageSchema":"1a1c01bbd47fc00a2c39e90264f33305004495a9","hash":"20a9c3e7eee56a187b6efdc8bcd26efa876404e1"}
,"C:\\projects\\audiobot\\errors.js": {"path":"C:\\projects\\audiobot\\errors.js","statementMap":{"0":{"start":{"line":3,"column":4},"end":{"line":3,"column":19}},"1":{"start":{"line":4,"column":4},"end":{"line":4,"column":33}},"2":{"start":{"line":5,"column":4},"end":{"line":5,"column":30}},"3":{"start":{"line":11,"column":4},"end":{"line":11,"column":24}},"4":{"start":{"line":17,"column":4},"end":{"line":17,"column":24}},"5":{"start":{"line":23,"column":4},"end":{"line":23,"column":24}},"6":{"start":{"line":29,"column":4},"end":{"line":29,"column":24}},"7":{"start":{"line":35,"column":4},"end":{"line":35,"column":24}}},"fnMap":{"0":{"name":"(anonymous_0)","decl":{"start":{"line":2,"column":2},"end":{"line":2,"column":3}},"loc":{"start":{"line":2,"column":35},"end":{"line":6,"column":3}},"line":2},"1":{"name":"(anonymous_1)","decl":{"start":{"line":10,"column":2},"end":{"line":10,"column":3}},"loc":{"start":{"line":10,"column":66},"end":{"line":12,"column":3}},"line":10},"2":{"name":"(anonymous_2)","decl":{"start":{"line":16,"column":2},"end":{"line":16,"column":3}},"loc":{"start":{"line":16,"column":69},"end":{"line":18,"column":3}},"line":16},"3":{"name":"(anonymous_3)","decl":{"start":{"line":22,"column":2},"end":{"line":22,"column":3}},"loc":{"start":{"line":22,"column":66},"end":{"line":24,"column":3}},"line":22},"4":{"name":"(anonymous_4)","decl":{"start":{"line":28,"column":2},"end":{"line":28,"column":3}},"loc":{"start":{"line":28,"column":55},"end":{"line":30,"column":3}},"line":28},"5":{"name":"(anonymous_5)","decl":{"start":{"line":34,"column":2},"end":{"line":34,"column":3}},"loc":{"start":{"line":34,"column":69},"end":{"line":36,"column":3}},"line":34}},"branchMap":{"0":{"loc":{"start":{"line":10,"column":14},"end":{"line":10,"column":64}},"type":"default-arg","locations":[{"start":{"line":10,"column":24},"end":{"line":10,"column":64}}],"line":10},"1":{"loc":{"start":{"line":16,"column":14},"end":{"line":16,"column":67}},"type":"default-arg","locations":[{"start":{"line":16,"column":24},"end":{"line":16,"column":67}}],"line":16},"2":{"loc":{"start":{"line":22,"column":14},"end":{"line":22,"column":64}},"type":"default-arg","locations":[{"start":{"line":22,"column":24},"end":{"line":22,"column":64}}],"line":22},"3":{"loc":{"start":{"line":28,"column":14},"end":{"line":28,"column":53}},"type":"default-arg","locations":[{"start":{"line":28,"column":24},"end":{"line":28,"column":53}}],"line":28},"4":{"loc":{"start":{"line":34,"column":14},"end":{"line":34,"column":67}},"type":"default-arg","locations":[{"start":{"line":34,"column":24},"end":{"line":34,"column":67}}],"line":34}},"s":{"0":12,"1":12,"2":12,"3":4,"4":1,"5":5,"6":1,"7":1},"f":{"0":12,"1":4,"2":1,"3":5,"4":1,"5":1},"b":{"0":[4],"1":[1],"2":[5],"3":[1],"4":[1]},"_coverageSchema":"1a1c01bbd47fc00a2c39e90264f33305004495a9","hash":"c887dabbf2f4f1e9707b5d6494f2117569633d92"}
,"C:\\projects\\audiobot\\schema.js": {"path":"C:\\projects\\audiobot\\schema.js","statementMap":{"0":{"start":{"line":5,"column":15},"end":{"line":5,"column":31}},"1":{"start":{"line":7,"column":11},"end":{"line":7,"column":31}},"2":{"start":{"line":8,"column":0},"end":{"line":8,"column":31}},"3":{"start":{"line":10,"column":0},"end":{"line":24,"column":5}}},"fnMap":{},"branchMap":{},"s":{"0":1,"1":1,"2":1,"3":1},"f":{},"b":{},"_coverageSchema":"1a1c01bbd47fc00a2c39e90264f33305004495a9","hash":"483a45be1dc0516f425443ec445efecc1128ddd9"}
}
