TN:
SF:app.js
FN:28,(anonymous_0)
FN:45,(anonymous_1)
FN:73,(anonymous_2)
FN:92,(anonymous_3)
FN:111,(anonymous_4)
FN:129,(anonymous_5)
FN:144,(anonymous_6)
FN:152,(anonymous_7)
FN:166,(anonymous_8)
FN:187,authenticate
FN:196,(anonymous_10)
FN:203,(anonymous_11)
FNF:12
FNH:3
FNDA:1,(anonymous_0)
FNDA:2,(anonymous_1)
FNDA:0,(anonymous_2)
FNDA:0,(anonymous_3)
FNDA:0,(anonymous_4)
FNDA:0,(anonymous_5)
FNDA:0,(anonymous_6)
FNDA:0,(anonymous_7)
FNDA:0,(anonymous_8)
FNDA:0,authenticate
FNDA:0,(anonymous_10)
FNDA:1,(anonymous_11)
DA:18,1
DA:19,1
DA:20,1
DA:21,1
DA:24,1
DA:25,1
DA:26,1
DA:28,1
DA:29,1
DA:31,1
DA:33,0
DA:34,0
DA:35,0
DA:38,0
DA:39,0
DA:41,0
DA:45,1
DA:46,2
DA:48,2
DA:50,2
DA:51,2
DA:55,2
DA:57,2
DA:59,2
DA:61,2
DA:63,2
DA:67,2
DA:69,0
DA:73,1
DA:74,0
DA:76,0
DA:78,0
DA:79,0
DA:81,0
DA:83,0
DA:84,0
DA:85,0
DA:87,0
DA:88,0
DA:92,1
DA:93,0
DA:95,0
DA:97,0
DA:98,0
DA:99,0
DA:103,0
DA:104,0
DA:106,0
DA:107,0
DA:111,1
DA:112,0
DA:113,0
DA:117,0
DA:119,0
DA:122,0
DA:124,0
DA:125,0
DA:129,1
DA:130,0
DA:132,0
DA:134,0
DA:135,0
DA:136,0
DA:137,0
DA:139,0
DA:140,0
DA:144,1
DA:145,0
DA:146,0
DA:148,0
DA:152,1
DA:153,0
DA:155,0
DA:157,0
DA:158,0
DA:159,0
DA:161,0
DA:162,0
DA:166,1
DA:167,0
DA:169,0
DA:170,0
DA:174,0
DA:176,0
DA:179,0
DA:180,0
DA:182,0
DA:183,0
DA:188,0
DA:190,0
DA:192,0
DA:194,0
DA:196,0
DA:197,0
DA:198,0
DA:199,0
DA:203,1
DA:204,1
DA:205,1
DA:208,0
DA:209,0
LF:101
LH:31
BRDA:31,0,0,1
BRDA:31,0,1,0
BRDA:31,1,0,1
BRDA:31,1,1,0
BRDA:48,2,0,0
BRDA:48,2,1,2
BRDA:48,3,0,2
BRDA:48,3,1,2
BRDA:55,4,0,0
BRDA:55,4,1,2
BRDA:59,5,0,0
BRDA:59,5,1,2
BRDA:76,6,0,0
BRDA:76,6,1,0
BRDA:81,7,0,0
BRDA:81,7,1,0
BRDA:95,8,0,0
BRDA:95,8,1,0
BRDA:117,9,0,0
BRDA:117,9,1,0
BRDA:132,10,0,0
BRDA:132,10,1,0
BRDA:155,11,0,0
BRDA:155,11,1,0
BRDA:167,12,0,0
BRDA:167,12,1,0
BRDA:174,13,0,0
BRDA:174,13,1,0
BRDA:190,14,0,0
BRDA:190,14,1,0
BRDA:194,15,0,0
BRDA:194,15,1,0
BRDA:197,16,0,0
BRDA:197,16,1,0
BRDA:204,17,0,1
BRDA:204,17,1,0
BRF:36
BRH:8
end_of_record
TN:
SF:auth.js
FN:3,hashPass
FN:8,checkHash
FNF:2
FNH:1
FNDA:0,hashPass
FNDA:2,checkHash
DA:4,0
DA:5,0
DA:9,2
DA:10,2
LF:4
LH:2
BRF:0
BRH:0
end_of_record
TN:
SF:errors.js
FN:2,(anonymous_0)
FN:10,(anonymous_1)
FN:16,(anonymous_2)
FN:22,(anonymous_3)
FN:28,(anonymous_4)
FNF:5
FNH:2
FNDA:1,(anonymous_0)
FNDA:0,(anonymous_1)
FNDA:0,(anonymous_2)
FNDA:1,(anonymous_3)
FNDA:0,(anonymous_4)
DA:3,1
DA:4,1
DA:5,1
DA:11,0
DA:17,0
DA:23,1
DA:29,0
LF:7
LH:4
BRDA:10,0,0,0
BRDA:16,1,0,0
BRDA:22,2,0,1
BRDA:28,3,0,0
BRF:4
BRH:1
end_of_record
TN:
SF:schema.js
FNF:0
FNH:0
DA:5,1
DA:7,1
DA:8,1
DA:10,1
LF:4
LH:4
BRF:0
BRH:0
end_of_record
