TN:
SF:app.js
FN:29,(anonymous_0)
FN:46,(anonymous_1)
FN:74,(anonymous_2)
FN:92,(anonymous_3)
FN:110,(anonymous_4)
FN:127,(anonymous_5)
FN:144,(anonymous_6)
FN:152,(anonymous_7)
FN:165,(anonymous_8)
FN:185,authenticate
FN:194,(anonymous_10)
FN:201,(anonymous_11)
FNF:12
FNH:9
FNDA:2,(anonymous_0)
FNDA:6,(anonymous_1)
FNDA:4,(anonymous_2)
FNDA:0,(anonymous_3)
FNDA:1,(anonymous_4)
FNDA:4,(anonymous_5)
FNDA:2,(anonymous_6)
FNDA:0,(anonymous_7)
FNDA:0,(anonymous_8)
FNDA:4,authenticate
FNDA:3,(anonymous_10)
FNDA:12,(anonymous_11)
DA:19,1
DA:20,1
DA:21,1
DA:22,1
DA:25,1
DA:26,1
DA:27,1
DA:29,1
DA:30,2
DA:31,2
DA:33,2
DA:35,1
DA:36,1
DA:39,1
DA:40,0
DA:42,2
DA:46,1
DA:47,6
DA:48,6
DA:50,6
DA:52,4
DA:56,4
DA:58,3
DA:60,3
DA:62,2
DA:64,2
DA:68,2
DA:70,4
DA:74,1
DA:75,4
DA:76,4
DA:78,4
DA:80,3
DA:82,3
DA:84,2
DA:85,2
DA:86,2
DA:88,2
DA:92,1
DA:93,0
DA:95,0
DA:97,0
DA:98,0
DA:99,0
DA:103,0
DA:104,0
DA:106,0
DA:110,1
DA:111,1
DA:112,1
DA:116,1
DA:118,0
DA:121,0
DA:123,1
DA:127,1
DA:128,4
DA:129,4
DA:131,4
DA:133,4
DA:135,4
DA:137,2
DA:138,2
DA:140,2
DA:144,1
DA:145,2
DA:146,2
DA:148,0
DA:152,1
DA:153,0
DA:154,0
DA:156,0
DA:158,0
DA:159,0
DA:161,0
DA:165,1
DA:166,0
DA:167,0
DA:169,0
DA:173,0
DA:175,0
DA:178,0
DA:179,0
DA:181,0
DA:186,4
DA:188,4
DA:190,4
DA:192,4
DA:194,3
DA:195,3
DA:196,3
DA:197,3
DA:201,1
DA:202,12
DA:203,1
DA:206,11
DA:207,11
DA:210,0
DA:211,0
LF:98
LH:70
BRDA:33,0,0,1
BRDA:33,0,1,1
BRDA:33,1,0,2
BRDA:33,1,1,1
BRDA:50,2,0,2
BRDA:50,2,1,4
BRDA:50,3,0,6
BRDA:50,3,1,5
BRDA:56,4,0,1
BRDA:56,4,1,3
BRDA:60,5,0,1
BRDA:60,5,1,2
BRDA:78,6,0,1
BRDA:78,6,1,3
BRDA:82,7,0,1
BRDA:82,7,1,2
BRDA:95,8,0,0
BRDA:95,8,1,0
BRDA:116,9,0,1
BRDA:116,9,1,0
BRDA:131,10,0,0
BRDA:131,10,1,4
BRDA:135,11,0,2
BRDA:135,11,1,2
BRDA:156,12,0,0
BRDA:156,12,1,0
BRDA:167,13,0,0
BRDA:167,13,1,0
BRDA:173,14,0,0
BRDA:173,14,1,0
BRDA:188,15,0,0
BRDA:188,15,1,4
BRDA:192,16,0,1
BRDA:192,16,1,3
BRDA:195,17,0,0
BRDA:195,17,1,3
BRDA:202,18,0,1
BRDA:202,18,1,11
BRDA:206,19,0,11
BRDA:206,19,1,0
BRF:40
BRH:27
end_of_record
TN:
SF:auth.js
FN:3,hashPass
FN:8,checkHash
FNF:2
FNH:2
FNDA:1,hashPass
FNDA:3,checkHash
DA:4,1
DA:5,1
DA:9,3
DA:10,3
LF:4
LH:4
BRF:0
BRH:0
end_of_record
TN:
SF:errors.js
FN:2,(anonymous_0)
FN:10,(anonymous_1)
FN:16,(anonymous_2)
FN:22,(anonymous_3)
FN:28,(anonymous_4)
FN:34,(anonymous_5)
FNF:6
FNH:6
FNDA:12,(anonymous_0)
FNDA:4,(anonymous_1)
FNDA:1,(anonymous_2)
FNDA:5,(anonymous_3)
FNDA:1,(anonymous_4)
FNDA:1,(anonymous_5)
DA:3,12
DA:4,12
DA:5,12
DA:11,4
DA:17,1
DA:23,5
DA:29,1
DA:35,1
LF:8
LH:8
BRDA:10,0,0,4
BRDA:16,1,0,1
BRDA:22,2,0,5
BRDA:28,3,0,1
BRDA:34,4,0,1
BRF:5
BRH:5
end_of_record
TN:
SF:schema.js
FNF:0
FNH:0
DA:5,1
DA:7,1
DA:8,1
DA:10,1
LF:4
LH:4
BRF:0
BRH:0
end_of_record
